<?xml version="1.0" encoding="UTF-8"?>
<testsuite name="de.uniks.pmws2122.model.ScenarioTest" tests="2" skipped="0" failures="0" errors="0" timestamp="2021-12-07T14:27:37" hostname="DESKTOP-RFA90RC" time="0.309">
  <properties/>
  <testcase name="testBuildGame" classname="de.uniks.pmws2122.model.ScenarioTest" time="0.308"/>
  <testcase name="nineMenMorris" classname="de.uniks.pmws2122.model.ScenarioTest" time="0.0"/>
  <system-out><![CDATA[]]></system-out>
  <system-err><![CDATA[]]></system-err>
</testsuite>
